{"level":"warn","message":"Hola desde el request index home 游때 (warn)"}
{"level":"error","message":"Hola desde el request index home 游때 (error)"}
info: Server running on http://localhost:8080 游
info: Server running on http://localhost:8080 游
debug: Hola desde el request index home 游때 (debug)
info: Hola desde el request index home 游때 (info)
warning: Hola desde el request index home 游때 (warn)
error: Hola desde el request index home 游때 (error)
fatal: Hola desde el request index home 游때 (fatal)
info: Server running on http://localhost:8080 游
info: Server running on http://localhost:8080 游
info: Server running on http://localhost:8080 游
info: Server running on http://localhost:8080 游
info: Server running on http://localhost:8080 游
info: Server running on http://localhost:8080 游
info: Server running on http://localhost:8080 游
info: Database connected succesfuly 游
info: Server running on http://localhost:8080 游
error: Cart was created successfully (65c4385c13a23a4e9dec6b9f).
info: Database connected succesfuly 游
info: Server running on http://localhost:8080 游
info: Cart was created successfully (65c43899808803bcc1fafbc9).
info: Database connected succesfuly 游
info: Server running on http://localhost:8080 游
debug: Hola desde el request index home 游때 (debug)
info: Hola desde el request index home 游때 (info)
warning: Hola desde el request index home 游때 (warn)
error: Hola desde el request index home 游때 (error)
fatal: Hola desde el request index home 游때 (fatal)
info: Database connected succesfuly 游
info: Server running on http://localhost:8080 游
info: Database connected succesfuly 游
info: Server running on http://localhost:8080 游
info: Database connected succesfuly 游
info: Server running on http://localhost:8080 游
info: Database connected succesfuly 游
info: Server running on http://localhost:8080 游
info: Database connected succesfuly 游
info: Server running on http://localhost:8080 游
info: Database connected succesfuly 游
info: Server running on http://localhost:8080 游
info: Database connected succesfuly 游
info: Server running on http://localhost:8080 游
info: Database connected succesfuly 游
info: Server running on http://localhost:8080 游
info: Database connected succesfuly 游
info: Server running on http://localhost:8080 游
info: Database connected succesfuly 游
info: Server running on http://localhost:8080 游
info: Database connected succesfuly 游
info: Server running on http://localhost:8080 游
info: Database connected succesfuly 游
info: Server running on http://localhost:8080 游
info: Database connected succesfuly 游
info: Server running on http://localhost:8080 游
info: Database connected succesfuly 游
info: Server running on http://localhost:8080 游
info: Database connected succesfuly 游
info: Server running on http://localhost:8080 游
info: Database connected succesfuly 游
info: Server running on http://localhost:8080 游
info: Database connected succesfuly 游
info: Server running on http://localhost:8080 游
info: Database connected succesfuly 游
info: Server running on http://localhost:8080 游
info: Database connected succesfuly 游
info: Server running on http://localhost:8080 游
info: Database connected succesfuly 游
info: Server running on http://localhost:8080 游
info: Database connected succesfuly 游
info: Server running on http://localhost:8080 游
info: Database connected succesfuly 游
info: Server running on http://localhost:8080 游
info: Database connected succesfuly 游
info: Server running on http://localhost:8080 游
info: Database connected succesfuly 游
info: Server running on http://localhost:8080 游
info: Database connected succesfuly 游
info: Server running on http://localhost:8080 游
info: Database connected succesfuly 游
info: Server running on http://localhost:8080 游
info: Database connected succesfuly 游
info: Server running on http://localhost:8080 游
info: Database connected succesfuly 游
info: Server running on http://localhost:8080 游
info: Database connected succesfuly 游
info: Server running on http://localhost:8080 游
info: Database connected succesfuly 游
info: Server running on http://localhost:8080 游
info: Database connected succesfuly 游
info: Server running on http://localhost:8080 游
info: Database connected succesfuly 游
info: Server running on http://localhost:8080 游
info: Database connected succesfuly 游
info: Server running on http://localhost:8080 游
info: Database connected succesfuly 游
info: Server running on http://localhost:8080 游
info: Database connected succesfuly 游
info: Server running on http://localhost:8080 游
info: Database connected succesfuly 游
info: Server running on http://localhost:8080 游
info: Database connected succesfuly 游
info: Server running on http://localhost:8080 游
info: Database connected succesfuly 游
info: Server running on http://localhost:8080 游
info: Database connected succesfuly 游
info: Server running on http://localhost:8080 游
info: Database connected succesfuly 游
info: Server running on http://localhost:8080 游
info: Database connected succesfuly 游
info: Server running on http://localhost:8080 游
info: Database connected succesfuly 游
info: Server running on http://localhost:8080 游
info: Database connected succesfuly 游
info: Server running on http://localhost:8080 游
info: Database connected succesfuly 游
info: Server running on http://localhost:8080 游
info: Database connected succesfuly 游
info: Server running on http://localhost:8080 游
info: Database connected succesfuly 游
info: Server running on http://localhost:8080 游
debug: Hola desde el request index home 游때 (debug)
info: Hola desde el request index home 游때 (info)
warning: Hola desde el request index home 游때 (warn)
error: Hola desde el request index home 游때 (error)
fatal: Hola desde el request index home 游때 (fatal)
info: Database connected succesfuly 游
info: Server running on http://localhost:8080 游
info: Database connected succesfuly 游
info: Server running on http://localhost:8080 游
info: Database connected succesfuly 游
info: Server running on http://localhost:8080 游
info: Database connected succesfuly 游
info: Server running on http://localhost:8080 游
info: Database connected succesfuly 游
info: Server running on http://localhost:8080 游
info: Database connected succesfuly 游
info: Server running on http://localhost:8080 游
info: Database connected succesfuly 游
info: Server running on http://localhost:8080 游
info: Database connected succesfuly 游
info: Server running on http://localhost:8080 游
info: Database connected succesfuly 游
info: Server running on http://localhost:8080 游
info: Database connected succesfuly 游
info: Server running on http://localhost:8080 游
info: Database connected succesfuly 游
info: Server running on http://localhost:8080 游
info: Database connected succesfuly 游
info: Server running on http://localhost:8080 游
info: Database connected succesfuly 游
info: Server running on http://localhost:8080 游
info: Database connected succesfuly 游
info: Server running on http://localhost:8080 游
info: Database connected succesfuly 游
info: Server running on http://localhost:8080 游
info: Database connected succesfuly 游
info: Server running on http://localhost:8080 游
info: Database connected succesfuly 游
info: Server running on http://localhost:8080 游
info: Database connected succesfuly 游
info: Server running on http://localhost:8080 游
info: Database connected succesfuly 游
info: Server running on http://localhost:8080 游
info: Database connected succesfuly 游
info: Server running on http://localhost:8080 游
info: Database connected succesfuly 游
info: Server running on http://localhost:8080 游
info: Database connected succesfuly 游
info: Server running on http://localhost:8080 游
info: Database connected succesfuly 游
info: Server running on http://localhost:8080 游
info: Database connected succesfuly 游
info: Server running on http://localhost:8080 游
info: Database connected succesfuly 游
info: Server running on http://localhost:8080 游
info: Database connected succesfuly 游
info: Server running on http://localhost:8080 游
info: Database connected succesfuly 游
info: Server running on http://localhost:8080 游
info: Database connected succesfuly 游
info: Server running on http://localhost:8080 游
info: Database connected succesfuly 游
info: Server running on http://localhost:8080 游
info: Database connected succesfuly 游
info: Server running on http://localhost:8080 游
info: Database connected succesfuly 游
info: Server running on http://localhost:8080 游
info: Database connected succesfuly 游
info: Server running on http://localhost:8080 游
info: Database connected succesfuly 游
info: Server running on http://localhost:8080 游
info: Database connected succesfuly 游
info: Server running on http://localhost:8080 游
info: Database connected succesfuly 游
info: Server running on http://localhost:8080 游
info: Database connected succesfuly 游
info: Server running on http://localhost:8080 游
info: Database connected succesfuly 游
info: Server running on http://localhost:8080 游
info: Database connected succesfuly 游
info: Server running on http://localhost:8080 游
info: Database connected succesfuly 游
info: Server running on http://localhost:8080 游
info: Database connected succesfuly 游
info: Server running on http://localhost:8080 游
info: Database connected succesfuly 游
info: Server running on http://localhost:8080 游
info: Database connected succesfuly 游
info: Server running on http://localhost:8080 游
info: Database connected succesfuly 游
info: Server running on http://localhost:8080 游
info: Database connected succesfuly 游
info: Server running on http://localhost:8080 游
info: Database connected succesfuly 游
info: Server running on http://localhost:8080 游
info: Database connected succesfuly 游
info: Server running on http://localhost:8080 游
info: Database connected succesfuly 游
info: Server running on http://localhost:8080 游
info: Database connected succesfuly 游
info: Server running on http://localhost:8080 游
info: Database connected succesfuly 游
info: Server running on http://localhost:8080 游
info: Database connected succesfuly 游
info: Server running on http://localhost:8080 游
info: Database connected succesfuly 游
info: Server running on http://localhost:8080 游
info: Database connected succesfuly 游
info: Server running on http://localhost:8080 游
info: Database connected succesfuly 游
info: Server running on http://localhost:8080 游
info: Database connected succesfuly 游
info: Server running on http://localhost:8080 游
info: Database connected succesfuly 游
info: Server running on http://localhost:8080 游
info: Database connected succesfuly 游
info: Server running on http://localhost:8080 游
info: Database connected succesfuly 游
info: Server running on http://localhost:8080 游
info: Database connected succesfuly 游
info: Server running on http://localhost:8080 游
info: Database connected succesfuly 游
info: Server running on http://localhost:8080 游
info: Database connected succesfuly 游
info: Server running on http://localhost:8080 游
info: Database connected succesfuly 游
info: Server running on http://localhost:8080 游
info: Database connected succesfuly 游
info: Server running on http://localhost:8080 游
info: Database connected succesfuly 游
info: Server running on http://localhost:8080 游
info: Database connected succesfuly 游
info: Server running on http://localhost:8080 游
